<?xml version="1.0" encoding="UTF-8"?>
<!-- Generated by org.testng.reporters.JUnitReportReporter -->
<testsuite hostname="RazaI" failures="0" tests="1" name="learning.mavenn.first" time="0.008" errors="0" timestamp="2022-04-27T01:01:26 PKT" skipped="0">
  <testcase classname="learning.mavenn.first" name="dsf" time="0.008"/>
  <system-out/>
</testsuite> <!-- learning.mavenn.first -->
