<?xml version="1.0" encoding="UTF-8"?>
<!-- Generated by org.testng.reporters.JUnitReportReporter -->
<testsuite hostname="RazaI" failures="0" tests="2" name="learning.mavenn.day1" time="0.004" errors="0" timestamp="2022-04-27T01:01:26 PKT" skipped="0">
  <testcase classname="learning.mavenn.day1" name="prtinhello" time="0.001"/>
  <system-out/>
  <testcase classname="learning.mavenn.day1" name="print" time="0.003"/>
  <system-out/>
</testsuite> <!-- learning.mavenn.day1 -->
